2026-03-11T04:32:25.495Z tool call: extract_document_text args={"file":"/home/james/scribe/mcp_test/cbx/2024-07-CBX-Questions.pdf"}
2026-03-11T04:32:26.359Z tool done: extract_document_text (863ms)
2026-03-11T04:32:58.913Z tool call: extract_document_text args={"file":"/home/james/scribe/mcp_test/cbx/2012-02-CBX-Questions.pdf","startPage":0}
2026-03-11T04:32:59.300Z tool done: extract_document_text (386ms)
2026-03-11T04:33:03.229Z tool call: extract_document_text args={"file":"/home/james/scribe/mcp_test/cbx/2012-07-CBX-Questions.pdf","startPage":0,"maxChars":30000}
2026-03-11T04:33:03.264Z tool done: extract_document_text (34ms)
2026-03-11T04:33:03.792Z tool call: extract_document_text args={"file":"/home/james/scribe/mcp_test/cbx/2012-02-CBX-Questions.pdf","startPage":12}
2026-03-11T04:33:04.093Z tool done: extract_document_text (301ms)
2026-03-11T04:33:07.207Z tool call: extract_document_text args={"file":"/home/james/scribe/mcp_test/cbx/2013-02-CBX-Questions.pdf","startPage":0}
2026-03-11T04:33:07.509Z tool done: extract_document_text (302ms)
2026-03-11T04:33:08.515Z tool call: extract_document_text args={"file":"/home/james/scribe/mcp_test/cbx/2012-02-CBX-Questions.pdf","startPage":23}
2026-03-11T04:33:08.784Z tool done: extract_document_text (269ms)
2026-03-11T04:33:09.762Z tool call: extract_document_text args={"file":"/home/james/scribe/mcp_test/cbx/2013-07-CBX-Questions.pdf","startPage":0}
2026-03-11T04:33:10.056Z tool done: extract_document_text (294ms)
2026-03-11T04:33:10.910Z tool call: extract_document_text args={"file":"/home/james/scribe/mcp_test/cbx/2014-02-CBX-Questions.pdf","startPage":0}
2026-03-11T04:33:11.200Z tool done: extract_document_text (290ms)
2026-03-11T04:33:11.569Z tool call: extract_document_text args={"file":"/home/james/scribe/mcp_test/cbx/2013-02-CBX-Questions.pdf","startPage":12}
2026-03-11T04:33:11.825Z tool done: extract_document_text (256ms)
2026-03-11T04:33:12.617Z tool call: extract_document_text args={"file":"/home/james/scribe/mcp_test/cbx/2012-02-CBX-Questions.pdf","startPage":36}
2026-03-11T04:33:12.852Z tool done: extract_document_text (235ms)
2026-03-11T04:33:13.015Z tool call: create_highlighted_pdf args={"file":"/home/james/scribe/mcp_test/cbx/2012-07-CBX-Questions.pdf","outputPath":"/home/james/scribe/mcp_test/cbx_highlighted/2012-07-CBX-Questions.pdf","highlights":[]}
2026-03-11T04:33:13.063Z reloading /home/james/scribe/mcp_test/cbx/2012-07-CBX-Questions.pdf after highlight clear
2026-03-11T04:33:13.096Z tool done: create_highlighted_pdf (81ms)
2026-03-11T04:33:13.394Z tool call: extract_document_text args={"file":"/home/james/scribe/mcp_test/cbx/2014-07-CBX-Questions.pdf","startPage":0}
2026-03-11T04:33:13.651Z tool done: extract_document_text (256ms)
2026-03-11T04:33:14.078Z tool call: extract_document_text args={"file":"/home/james/scribe/mcp_test/cbx/2015-02-CBX-Questions.pdf","startPage":0}
2026-03-11T04:33:14.333Z tool done: extract_document_text (255ms)
2026-03-11T04:33:14.667Z tool call: extract_document_text args={"file":"/home/james/scribe/mcp_test/cbx/2013-07-CBX-Questions.pdf","startPage":13}
2026-03-11T04:33:14.694Z tool call: extract_document_text args={"file":"/home/james/scribe/mcp_test/cbx/2014-02-CBX-Questions.pdf","startPage":12}
2026-03-11T04:33:14.938Z tool done: extract_document_text (271ms)
2026-03-11T04:33:15.244Z tool done: extract_document_text (550ms)
2026-03-11T04:33:15.398Z tool call: extract_document_text args={"file":"/home/james/scribe/mcp_test/cbx/2013-02-CBX-Questions.pdf","startPage":23}
2026-03-11T04:33:15.660Z tool done: extract_document_text (262ms)
2026-03-11T04:33:15.993Z tool call: extract_document_text args={"file":"/home/james/scribe/mcp_test/cbx/2015-07-CBX-Questions.pdf","startPage":0}
2026-03-11T04:33:16.314Z tool done: extract_document_text (321ms)
2026-03-11T04:33:16.856Z tool call: extract_document_text args={"file":"/home/james/scribe/mcp_test/cbx/2014-07-CBX-Questions.pdf","startPage":14}
2026-03-11T04:33:17.192Z tool done: extract_document_text (336ms)
2026-03-11T04:33:17.423Z tool call: extract_document_text args={"file":"/home/james/scribe/mcp_test/cbx/2016-02-CBX-Questions.pdf","startPage":0}
2026-03-11T04:33:17.687Z tool done: extract_document_text (264ms)
2026-03-11T04:33:18.024Z tool call: extract_document_text args={"file":"/home/james/scribe/mcp_test/cbx/2012-02-CBX-Questions.pdf","startPage":47}
2026-03-11T04:33:18.259Z tool done: extract_document_text (235ms)
2026-03-11T04:33:18.497Z tool call: extract_document_text args={"file":"/home/james/scribe/mcp_test/cbx/2015-02-CBX-Questions.pdf","startPage":13}
2026-03-11T04:33:18.764Z tool done: extract_document_text (267ms)
2026-03-11T04:33:19.007Z tool call: extract_document_text args={"file":"/home/james/scribe/mcp_test/cbx/2013-02-CBX-Questions.pdf","startPage":31}
2026-03-11T04:33:19.267Z tool done: extract_document_text (260ms)
2026-03-11T04:33:19.378Z tool call: extract_document_text args={"file":"/home/james/scribe/mcp_test/cbx/2013-07-CBX-Questions.pdf","startPage":37}
2026-03-11T04:33:19.645Z tool done: extract_document_text (267ms)
2026-03-11T04:33:19.819Z tool call: extract_document_text args={"file":"/home/james/scribe/mcp_test/cbx/2015-07-CBX-Questions.pdf","startPage":13}
2026-03-11T04:33:20.074Z tool done: extract_document_text (255ms)
2026-03-11T04:33:20.275Z tool call: extract_document_text args={"file":"/home/james/scribe/mcp_test/cbx/2016-07-CBX-Questions.pdf","startPage":0}
2026-03-11T04:33:20.465Z tool done: extract_document_text (190ms)
2026-03-11T04:33:20.568Z tool call: extract_document_text args={"file":"/home/james/scribe/mcp_test/cbx/2014-02-CBX-Questions.pdf","startPage":21}
2026-03-11T04:33:20.887Z tool done: extract_document_text (319ms)
2026-03-11T04:33:20.887Z tool call: extract_document_text args={"file":"/home/james/scribe/mcp_test/cbx/2014-07-CBX-Questions.pdf","startPage":27}
2026-03-11T04:33:21.142Z tool done: extract_document_text (254ms)
2026-03-11T04:33:22.058Z tool call: extract_document_text args={"file":"/home/james/scribe/mcp_test/cbx/2012-02-CBX-Questions.pdf","startPage":59}
2026-03-11T04:33:22.116Z tool call: extract_document_text args={"file":"/home/james/scribe/mcp_test/cbx/2015-02-CBX-Questions.pdf","startPage":30}
2026-03-11T04:33:22.292Z tool done: extract_document_text (234ms)
2026-03-11T04:33:22.408Z tool call: extract_document_text args={"file":"/home/james/scribe/mcp_test/cbx/2013-02-CBX-Questions.pdf","startPage":43}
2026-03-11T04:33:22.474Z tool call: extract_document_text args={"file":"/home/james/scribe/mcp_test/cbx/2016-02-CBX-Questions.pdf","startPage":14}
2026-03-11T04:33:22.556Z tool done: extract_document_text (440ms)
2026-03-11T04:33:22.814Z tool done: extract_document_text (406ms)
2026-03-11T04:33:23.057Z tool done: extract_document_text (583ms)
2026-03-11T04:33:23.138Z tool call: extract_document_text args={"file":"/home/james/scribe/mcp_test/cbx/2015-07-CBX-Questions.pdf","startPage":27}
2026-03-11T04:33:23.391Z tool done: extract_document_text (252ms)
2026-03-11T04:33:24.139Z tool call: extract_document_text args={"file":"/home/james/scribe/mcp_test/cbx/2016-07-CBX-Questions.pdf","startPage":14}
2026-03-11T04:33:24.339Z tool done: extract_document_text (200ms)
2026-03-11T04:33:25.076Z tool call: extract_document_text args={"file":"/home/james/scribe/mcp_test/cbx/2014-07-CBX-Questions.pdf","startPage":36}
2026-03-11T04:33:25.356Z tool done: extract_document_text (280ms)
2026-03-11T04:33:25.471Z tool call: extract_document_text args={"file":"/home/james/scribe/mcp_test/cbx/2017-02-CBX-Questions.pdf","startPage":0}
2026-03-11T04:33:25.670Z tool done: extract_document_text (199ms)
2026-03-11T04:33:25.746Z tool call: extract_document_text args={"file":"/home/james/scribe/mcp_test/cbx/2015-02-CBX-Questions.pdf","startPage":38}
2026-03-11T04:33:26.000Z tool done: extract_document_text (254ms)
2026-03-11T04:33:26.158Z tool call: extract_document_text args={"file":"/home/james/scribe/mcp_test/cbx/2014-02-CBX-Questions.pdf","startPage":38}
2026-03-11T04:33:26.325Z tool call: extract_document_text args={"file":"/home/james/scribe/mcp_test/cbx/2016-02-CBX-Questions.pdf","startPage":30}
2026-03-11T04:33:26.498Z tool call: extract_document_text args={"file":"/home/james/scribe/mcp_test/cbx/2013-02-CBX-Questions.pdf","startPage":56}
2026-03-11T04:33:26.562Z tool done: extract_document_text (404ms)
2026-03-11T04:33:26.943Z tool done: extract_document_text (618ms)
2026-03-11T04:33:27.274Z tool done: extract_document_text (776ms)
2026-03-11T04:33:27.529Z tool call: extract_document_text args={"file":"/home/james/scribe/mcp_test/cbx/2015-07-CBX-Questions.pdf","startPage":38}
2026-03-11T04:33:27.740Z tool call: extract_document_text args={"file":"/home/james/scribe/mcp_test/cbx/2016-07-CBX-Questions.pdf","startPage":31}
2026-03-11T04:33:27.818Z tool done: extract_document_text (289ms)
2026-03-11T04:33:28.007Z tool done: extract_document_text (267ms)
2026-03-11T04:33:28.684Z tool call: extract_document_text args={"file":"/home/james/scribe/mcp_test/cbx/2014-07-CBX-Questions.pdf","startPage":51}
2026-03-11T04:33:28.896Z tool call: extract_document_text args={"file":"/home/james/scribe/mcp_test/cbx/2017-02-CBX-Questions.pdf","startPage":13}
2026-03-11T04:33:28.947Z tool done: extract_document_text (263ms)
2026-03-11T04:33:29.151Z tool done: extract_document_text (255ms)
2026-03-11T04:33:29.249Z tool call: extract_document_text args={"file":"/home/james/scribe/mcp_test/cbx/2015-02-CBX-Questions.pdf","startPage":53}
2026-03-11T04:33:29.529Z tool done: extract_document_text (280ms)
2026-03-11T04:33:30.143Z tool call: extract_document_text args={"file":"/home/james/scribe/mcp_test/cbx/2016-02-CBX-Questions.pdf","startPage":40}
2026-03-11T04:33:30.387Z tool done: extract_document_text (244ms)
2026-03-11T04:33:31.374Z tool call: extract_document_text args={"file":"/home/james/scribe/mcp_test/cbx/2017-07-CBX-Questions.pdf","startPage":0}
2026-03-11T04:33:31.463Z tool done: extract_document_text (89ms)
2026-03-11T04:33:31.616Z tool call: extract_document_text args={"file":"/home/james/scribe/mcp_test/cbx/2015-07-CBX-Questions.pdf","startPage":53}
2026-03-11T04:33:31.886Z tool done: extract_document_text (270ms)
2026-03-11T04:33:32.078Z tool call: extract_document_text args={"file":"/home/james/scribe/mcp_test/cbx/2018-02-CBX-Questions.pdf","startPage":0}
2026-03-11T04:33:32.155Z tool done: extract_document_text (76ms)
2026-03-11T04:33:32.617Z tool call: create_highlighted_pdf args={"file":"/home/james/scribe/mcp_test/cbx/2013-07-CBX-Questions.pdf","outputPath":"/home/james/scribe/mcp_test/cbx_highlighted/2013-07-CBX-Questions.pdf","highlights":[{"page":41,"lines":[18,19],"color":"#ffff00","comment":"TORT question call - Question 6: Intentional tort claims (trespass to land, trespass to chattels, nuisance) and remedies"}]}
2026-03-11T04:33:32.716Z tool call: extract_document_text args={"file":"/home/james/scribe/mcp_test/cbx/2016-07-CBX-Questions.pdf","startPage":45}
2026-03-11T04:33:32.717Z tool call: extract_document_text args={"file":"/home/james/scribe/mcp_test/cbx/2013-02-CBX-Questions.pdf","startPage":65}
2026-03-11T04:33:32.947Z reloading /home/james/scribe/mcp_test/cbx/2013-07-CBX-Questions.pdf after highlight clear
2026-03-11T04:33:32.949Z tool call: extract_document_text args={"file":"/home/james/scribe/mcp_test/cbx/2014-07-CBX-Questions.pdf","startPage":64}
2026-03-11T04:33:33.095Z tool call: create_highlighted_pdf args={"file":"/home/james/scribe/mcp_test/cbx/2012-02-CBX-Questions.pdf","outputPath":"/home/james/scribe/mcp_test/cbx_highlighted/2012-02-CBX-Questions.pdf","highlights":[]}
2026-03-11T04:33:33.096Z tool call: extract_document_text args={"file":"/home/james/scribe/mcp_test/cbx/2015-02-CBX-Questions.pdf","startPage":67}
2026-03-11T04:33:33.208Z tool done: create_highlighted_pdf (591ms)
2026-03-11T04:33:33.317Z tool call: extract_document_text args={"file":"/home/james/scribe/mcp_test/cbx/2017-02-CBX-Questions.pdf","startPage":26}
2026-03-11T04:33:33.400Z tool done: extract_document_text (684ms)
2026-03-11T04:33:33.653Z tool done: extract_document_text (936ms)
2026-03-11T04:33:33.906Z tool done: extract_document_text (957ms)
2026-03-11T04:33:34.115Z tool call: extract_document_text args={"file":"/home/james/scribe/mcp_test/cbx/2016-02-CBX-Questions.pdf","startPage":53}
2026-03-11T04:33:34.187Z reloading /home/james/scribe/mcp_test/cbx/2012-02-CBX-Questions.pdf after highlight clear
2026-03-11T04:33:34.447Z tool done: create_highlighted_pdf (1352ms)
2026-03-11T04:33:34.486Z tool call: extract_document_text args={"file":"/home/james/scribe/mcp_test/cbx/2017-07-CBX-Questions.pdf","startPage":13}
2026-03-11T04:33:34.720Z tool done: extract_document_text (1624ms)
2026-03-11T04:33:34.886Z tool call: extract_document_text args={"file":"/home/james/scribe/mcp_test/cbx/2018-07-CBX-Questions.pdf","startPage":0,"maxChars":40000}
2026-03-11T04:33:34.919Z tool done: extract_document_text (1602ms)
2026-03-11T04:33:35.081Z tool call: extract_document_text args={"file":"/home/james/scribe/mcp_test/cbx/2019-02-CBX-Questions.pdf","startPage":0}
2026-03-11T04:33:35.161Z tool done: extract_document_text (1046ms)
2026-03-11T04:33:35.211Z tool call: extract_document_text args={"file":"/home/james/scribe/mcp_test/cbx/2018-02-CBX-Questions.pdf","startPage":16}
2026-03-11T04:33:35.255Z tool done: extract_document_text (769ms)
2026-03-11T04:33:35.344Z tool done: extract_document_text (458ms)
2026-03-11T04:33:35.447Z tool done: extract_document_text (366ms)
2026-03-11T04:33:35.527Z tool done: extract_document_text (316ms)
2026-03-11T04:33:35.773Z tool call: extract_document_text args={"file":"/home/james/scribe/mcp_test/cbx/2015-07-CBX-Questions.pdf","startPage":65}
2026-03-11T04:33:36.025Z tool done: extract_document_text (252ms)
2026-03-11T04:33:37.427Z tool call: extract_document_text args={"file":"/home/james/scribe/mcp_test/cbx/2014-07-CBX-Questions.pdf","startPage":73}
2026-03-11T04:33:37.684Z tool done: extract_document_text (257ms)
2026-03-11T04:33:38.424Z tool call: extract_document_text args={"file":"/home/james/scribe/mcp_test/cbx/2016-02-CBX-Questions.pdf","startPage":66}
2026-03-11T04:33:38.497Z tool call: extract_document_text args={"file":"/home/james/scribe/mcp_test/cbx/2016-07-CBX-Questions.pdf","startPage":58}
2026-03-11T04:33:38.510Z tool call: extract_document_text args={"file":"/home/james/scribe/mcp_test/cbx/2019-02-CBX-Questions.pdf","startPage":13}
2026-03-11T04:33:38.665Z tool done: extract_document_text (241ms)
2026-03-11T04:33:38.856Z tool done: extract_document_text (359ms)
2026-03-11T04:33:38.906Z tool call: extract_document_text args={"file":"/home/james/scribe/mcp_test/cbx/2015-02-CBX-Questions.pdf","startPage":76}
2026-03-11T04:33:38.959Z tool done: extract_document_text (449ms)
2026-03-11T04:33:39.225Z tool done: extract_document_text (319ms)
2026-03-11T04:33:39.268Z tool call: extract_document_text args={"file":"/home/james/scribe/mcp_test/cbx/2019-07-CBX-Questions.pdf","startPage":0}
2026-03-11T04:33:39.336Z tool done: extract_document_text (68ms)
2026-03-11T04:33:39.427Z tool call: extract_document_text args={"file":"/home/james/scribe/mcp_test/cbx/2018-07-CBX-Questions.pdf","startPage":25,"maxChars":10000}
2026-03-11T04:33:39.512Z tool done: extract_document_text (85ms)
2026-03-11T04:33:40.956Z tool call: extract_document_text args={"file":"/home/james/scribe/mcp_test/cbx/2017-02-CBX-Questions.pdf","startPage":39}
2026-03-11T04:33:41.152Z tool done: extract_document_text (196ms)
2026-03-11T04:33:42.706Z tool call: extract_document_text args={"file":"/home/james/scribe/mcp_test/cbx/2019-07-CBX-Questions.pdf","startPage":12}
2026-03-11T04:33:42.771Z tool done: extract_document_text (65ms)
2026-03-11T04:33:42.844Z tool call: extract_document_text args={"file":"/home/james/scribe/mcp_test/cbx/2019-02-CBX-Questions.pdf","startPage":27}
2026-03-11T04:33:42.942Z tool done: extract_document_text (98ms)
2026-03-11T04:33:45.171Z tool call: extract_document_text args={"file":"/home/james/scribe/mcp_test/cbx/2017-02-CBX-Questions.pdf","startPage":55}
2026-03-11T04:33:45.201Z tool call: extract_document_text args={"file":"/home/james/scribe/mcp_test/cbx/2020-10-CBX-Questions.pdf","startPage":0}
2026-03-11T04:33:45.372Z tool done: extract_document_text (200ms)
2026-03-11T04:33:45.457Z tool done: extract_document_text (256ms)
2026-03-11T04:33:45.468Z tool call: extract_document_text args={"file":"/home/james/scribe/mcp_test/cbx/2020-02-CBX-Questions.pdf","startPage":0}
2026-03-11T04:33:45.530Z tool done: extract_document_text (62ms)
2026-03-11T04:33:47.064Z tool call: extract_document_text args={"file":"/home/james/scribe/mcp_test/cbx/2021-02-CBX-Questions.pdf","startPage":0}
2026-03-11T04:33:47.195Z tool done: extract_document_text (131ms)
2026-03-11T04:33:47.840Z tool call: create_highlighted_pdf args={"file":"/home/james/scribe/mcp_test/cbx/2018-02-CBX-Questions.pdf","outputPath":"/home/james/scribe/mcp_test/cbx_highlighted/2018-02-CBX-Questions.pdf","highlights":[{"page":3,"lines":[17,18,19],"color":"#ffff00","comment":"TORT: Nuisance claims regarding smokehouse smoke and smells"},{"page":3,"lines":[20,21,22],"color":"#ffff00","comment":"TORT: Trespass to land claims regarding fetching dog from Michelle's property"}]}
2026-03-11T04:33:47.937Z reloading /home/james/scribe/mcp_test/cbx/2018-02-CBX-Questions.pdf after highlight clear
2026-03-11T04:33:48.014Z tool done: create_highlighted_pdf (174ms)
2026-03-11T04:33:48.185Z tool call: create_highlighted_pdf args={"file":"/home/james/scribe/mcp_test/cbx/2015-07-CBX-Questions.pdf","outputPath":"/home/james/scribe/mcp_test/cbx_highlighted/2015-07-CBX-Questions.pdf","highlights":[]}
2026-03-11T04:33:48.466Z tool call: create_highlighted_pdf args={"file":"/home/james/scribe/mcp_test/cbx/2018-07-CBX-Questions.pdf","outputPath":"/home/james/scribe/mcp_test/cbx_highlighted/2018-07-CBX-Questions.pdf","highlights":[]}
2026-03-11T04:33:48.475Z reloading /home/james/scribe/mcp_test/cbx/2015-07-CBX-Questions.pdf after highlight clear
2026-03-11T04:33:48.734Z tool done: create_highlighted_pdf (549ms)
2026-03-11T04:33:48.839Z tool call: create_highlighted_pdf args={"file":"/home/james/scribe/mcp_test/cbx/2017-07-CBX-Questions.pdf","outputPath":"/home/james/scribe/mcp_test/cbx_highlighted/2017-07-CBX-Questions.pdf","highlights":[{"page":6,"lines":[19,20],"color":"#ffff00","comment":"Tort question: Harry's claims against Doug (negligence, negligence per se)"},{"page":6,"lines":[21,22,23],"color":"#ffff00","comment":"Tort question: Harry's claims against Electric Company (negligence)"},{"page":6,"lines":[24,25],"color":"#ffff00","comment":"Tort question: Apportionment of damages"}]}
2026-03-11T04:33:48.839Z reloading /home/james/scribe/mcp_test/cbx/2018-07-CBX-Questions.pdf after highlight clear
2026-03-11T04:33:48.927Z tool done: create_highlighted_pdf (461ms)
2026-03-11T04:33:49.039Z reloading /home/james/scribe/mcp_test/cbx/2017-07-CBX-Questions.pdf after highlight clear
2026-03-11T04:33:49.126Z tool done: create_highlighted_pdf (287ms)
2026-03-11T04:33:49.338Z tool call: create_highlighted_pdf args={"file":"/home/james/scribe/mcp_test/cbx/2016-07-CBX-Questions.pdf","outputPath":"/home/james/scribe/mcp_test/cbx_highlighted/2016-07-CBX-Questions.pdf","highlights":[]}
2026-03-11T04:33:49.544Z tool call: extract_document_text args={"file":"/home/james/scribe/mcp_test/cbx/2020-10-CBX-Questions.pdf","startPage":13}
2026-03-11T04:33:49.547Z reloading /home/james/scribe/mcp_test/cbx/2016-07-CBX-Questions.pdf after highlight clear
2026-03-11T04:33:49.748Z tool done: create_highlighted_pdf (410ms)
2026-03-11T04:33:49.835Z tool done: extract_document_text (290ms)
2026-03-11T04:33:50.174Z tool call: extract_document_text args={"file":"/home/james/scribe/mcp_test/cbx/2020-02-CBX-Questions.pdf","startPage":13}
2026-03-11T04:33:50.242Z tool done: extract_document_text (68ms)
2026-03-11T04:33:51.053Z tool call: extract_document_text args={"file":"/home/james/scribe/mcp_test/cbx/2021-07-CBX-Questions.pdf","startPage":0}
2026-03-11T04:33:51.149Z tool done: extract_document_text (96ms)
2026-03-11T04:33:51.225Z tool call: extract_document_text args={"file":"/home/james/scribe/mcp_test/cbx/2021-02-CBX-Questions.pdf","startPage":15}
2026-03-11T04:33:51.337Z tool done: extract_document_text (112ms)
2026-03-11T04:33:52.395Z tool call: create_highlighted_pdf args={"file":"/home/james/scribe/mcp_test/cbx/2014-07-CBX-Questions.pdf","outputPath":"/home/james/scribe/mcp_test/cbx_highlighted/2014-07-CBX-Questions.pdf","highlights":[{"page":36,"lines":[21,22],"color":"#ffff00","comment":"TORT question: Negligence action by Patron against Caterer, Waiter, and Owner for food poisoning. Covers negligence theories, vicarious liability, and negligent hiring."}]}
2026-03-11T04:33:52.650Z tool call: create_highlighted_pdf args={"file":"/home/james/scribe/mcp_test/cbx/2019-07-CBX-Questions.pdf","outputPath":"/home/james/scribe/mcp_test/cbx_highlighted/2019-07-CBX-Questions.pdf","highlights":[]}
2026-03-11T04:33:52.695Z reloading /home/james/scribe/mcp_test/cbx/2014-07-CBX-Questions.pdf after highlight clear
2026-03-11T04:33:52.962Z tool done: create_highlighted_pdf (567ms)
2026-03-11T04:33:53.042Z reloading /home/james/scribe/mcp_test/cbx/2019-07-CBX-Questions.pdf after highlight clear
2026-03-11T04:33:53.109Z tool done: create_highlighted_pdf (459ms)
2026-03-11T04:33:53.846Z tool call: create_highlighted_pdf args={"file":"/home/james/scribe/mcp_test/cbx/2016-02-CBX-Questions.pdf","outputPath":"/home/james/scribe/mcp_test/cbx_highlighted/2016-02-CBX-Questions.pdf","highlights":[{"page":2,"lines":[20,21],"color":"#ffff00","comment":"Tort question call #1: Nancy's tort claims against Jack"},{"page":2,"lines":[22,23],"color":"#ffff00","comment":"Tort question call #2: Jack's tort claims against Ben"},{"page":2,"lines":[24,25],"color":"#ffff00","comment":"Tort question call #3: Paul's tort claims against Jack"}]}
2026-03-11T04:33:54.151Z reloading /home/james/scribe/mcp_test/cbx/2016-02-CBX-Questions.pdf after highlight clear
2026-03-11T04:33:54.385Z tool call: create_highlighted_pdf args={"file":"/home/james/scribe/mcp_test/cbx/2014-02-CBX-Questions.pdf","outputPath":"/home/james/scribe/mcp_test/cbx_highlighted/2014-02-CBX-Questions.pdf","highlights":[{"page":42,"lines":[18],"color":"#ffff00","comment":"TORT: Lateral support / negligence claim - Ira's damages claim against Donna for excavation causing building collapse"},{"page":44,"lines":[17],"color":"#ffff00","comment":"TORT remedies: Remedies against Carol for tort (misrepresentation/fraud regarding bat infestation)"},{"page":44,"lines":[18],"color":"#ffff00","comment":"TORT remedies: Remedies against Mark (real estate broker) for tort liability (fraud/breach of fiduciary duty)"}]}
2026-03-11T04:33:54.412Z tool done: create_highlighted_pdf (565ms)
2026-03-11T04:33:54.556Z tool call: extract_document_text args={"file":"/home/james/scribe/mcp_test/cbx/2021-07-CBX-Questions.pdf","startPage":14}
2026-03-11T04:33:54.593Z tool call: extract_document_text args={"file":"/home/james/scribe/mcp_test/cbx/2021-02-CBX-Questions.pdf","startPage":30}
2026-03-11T04:33:54.701Z tool call: extract_document_text args={"file":"/home/james/scribe/mcp_test/cbx/2022-02-CBX-Questions.pdf","startPage":0}
2026-03-11T04:33:54.714Z tool call: extract_document_text args={"file":"/home/james/scribe/mcp_test/cbx/2022-07-CBX-Questions.pdf","startPage":0}
2026-03-11T04:33:54.766Z reloading /home/james/scribe/mcp_test/cbx/2014-02-CBX-Questions.pdf after highlight clear
2026-03-11T04:33:55.060Z tool done: create_highlighted_pdf (675ms)
2026-03-11T04:33:55.156Z tool done: extract_document_text (600ms)
2026-03-11T04:33:55.271Z tool done: extract_document_text (678ms)
2026-03-11T04:33:55.367Z tool done: extract_document_text (665ms)
2026-03-11T04:33:55.542Z tool done: extract_document_text (828ms)
2026-03-11T04:33:56.444Z tool call: create_highlighted_pdf args={"file":"/home/james/scribe/mcp_test/cbx/2015-02-CBX-Questions.pdf","outputPath":"/home/james/scribe/mcp_test/cbx_highlighted/2015-02-CBX-Questions.pdf","highlights":[{"page":40,"lines":[19],"color":"#ffff00","comment":"TORT: Libel (defamation) - Sam's suit against Andy, Ruth, Molly, TBA, and Baseball Stories, Inc. for libel. Involves intentional tort (defamation/libel) and vicarious liability."}]}
2026-03-11T04:33:56.957Z reloading /home/james/scribe/mcp_test/cbx/2015-02-CBX-Questions.pdf after highlight clear
2026-03-11T04:33:57.305Z tool done: create_highlighted_pdf (861ms)
2026-03-11T04:33:57.446Z tool call: create_highlighted_pdf args={"file":"/home/james/scribe/mcp_test/cbx/2019-02-CBX-Questions.pdf","outputPath":"/home/james/scribe/mcp_test/cbx_highlighted/2019-02-CBX-Questions.pdf","highlights":[{"page":2,"lines":[17,18],"color":"#ffff00","comment":"Tort question call: Carol's claims against Dan (negligence, strict liability, battery)"},{"page":2,"lines":[19,20],"color":"#ffff00","comment":"Tort question call: Bob's claims against Dan (negligence, strict liability, false imprisonment)"}]}
2026-03-11T04:33:57.565Z reloading /home/james/scribe/mcp_test/cbx/2019-02-CBX-Questions.pdf after highlight clear
2026-03-11T04:33:57.663Z tool done: create_highlighted_pdf (217ms)
2026-03-11T04:33:58.092Z tool call: extract_document_text args={"file":"/home/james/scribe/mcp_test/cbx/2023-02-CBX-Questions.pdf","startPage":0}
2026-03-11T04:33:58.200Z tool done: extract_document_text (108ms)
2026-03-11T04:33:58.709Z tool call: extract_document_text args={"file":"/home/james/scribe/mcp_test/cbx/2022-07-CBX-Questions.pdf","startPage":13}
2026-03-11T04:33:58.930Z tool done: extract_document_text (221ms)
2026-03-11T04:33:59.067Z tool call: extract_document_text args={"file":"/home/james/scribe/mcp_test/cbx/2021-07-CBX-Questions.pdf","startPage":29}
2026-03-11T04:33:59.074Z tool call: extract_document_text args={"file":"/home/james/scribe/mcp_test/cbx/2022-02-CBX-Questions.pdf","startPage":14}
2026-03-11T04:33:59.166Z tool done: extract_document_text (99ms)
2026-03-11T04:33:59.252Z tool done: extract_document_text (178ms)
2026-03-11T04:33:59.291Z tool call: create_highlighted_pdf args={"file":"/home/james/scribe/mcp_test/cbx/2013-02-CBX-Questions.pdf","outputPath":"/home/james/scribe/mcp_test/cbx_highlighted/2013-02-CBX-Questions.pdf","highlights":[{"page":3,"lines":[14,15],"color":"#ffff00","comment":"TORT - Conversion: Question 1 asking about remedies Mary can obtain against Frank for conversion, defenses, and who prevails"},{"page":3,"lines":[17,18,19],"color":"#ffff00","comment":"TORT - Conversion: Question 2 asking about remedies Tanner can obtain against Frank for conversion, defenses, and who prevails"},{"page":32,"lines":[10],"color":"#ffff00","comment":"TORT - Product liability/Negligence: Question 1 asking whether Darla is liable to Paul"},{"page":32,"lines":[11],"color":"#ffff00","comment":"TORT - Fear of cancer damages: Question 2 asking whether Paul may obtain damages from Darla for fear of contracting cancer"},{"page":34,"lines":[18],"color":"#ffff00","comment":"TORT - Vicarious liability/Negligence: Question 1 asking whether Software Inc., Molly, and/or Lenny are liable to the pedestrian for injury caused by negligence"}]}
2026-03-11T04:33:59.600Z reloading /home/james/scribe/mcp_test/cbx/2013-02-CBX-Questions.pdf after highlight clear
2026-03-11T04:33:59.774Z tool call: create_highlighted_pdf args={"file":"/home/james/scribe/mcp_test/cbx/2020-10-CBX-Questions.pdf","outputPath":"/home/james/scribe/mcp_test/cbx_highlighted/2020-10-CBX-Questions.pdf","highlights":[]}
2026-03-11T04:33:59.859Z tool done: create_highlighted_pdf (568ms)
2026-03-11T04:33:59.958Z reloading /home/james/scribe/mcp_test/cbx/2020-10-CBX-Questions.pdf after highlight clear
2026-03-11T04:34:00.046Z tool done: create_highlighted_pdf (272ms)
2026-03-11T04:34:00.297Z tool call: extract_document_text args={"file":"/home/james/scribe/mcp_test/cbx/2023-07-CBX-Questions.pdf","startPage":0,"maxChars":40000}
2026-03-11T04:34:00.376Z tool done: extract_document_text (79ms)
2026-03-11T04:34:00.992Z tool call: create_highlighted_pdf args={"file":"/home/james/scribe/mcp_test/cbx/2020-02-CBX-Questions.pdf","outputPath":"/home/james/scribe/mcp_test/cbx_highlighted/2020-02-CBX-Questions.pdf","highlights":[{"page":1,"lines":[23,24],"color":"#ffff00","comment":"Tort question: Defamation, IIED, damages claims against Dan"}]}
2026-03-11T04:34:01.066Z reloading /home/james/scribe/mcp_test/cbx/2020-02-CBX-Questions.pdf after highlight clear
2026-03-11T04:34:01.132Z tool done: create_highlighted_pdf (140ms)
2026-03-11T04:34:01.591Z tool call: extract_document_text args={"file":"/home/james/scribe/mcp_test/cbx/2023-02-CBX-Questions.pdf","startPage":15}
2026-03-11T04:34:01.695Z tool done: extract_document_text (104ms)
2026-03-11T04:34:02.459Z tool call: extract_document_text args={"file":"/home/james/scribe/mcp_test/cbx/2022-02-CBX-Questions.pdf","startPage":28}
2026-03-11T04:34:02.542Z tool done: extract_document_text (83ms)
2026-03-11T04:34:03.021Z tool call: create_highlighted_pdf args={"file":"/home/james/scribe/mcp_test/cbx/2017-02-CBX-Questions.pdf","outputPath":"/home/james/scribe/mcp_test/cbx_highlighted/2017-02-CBX-Questions.pdf","highlights":[{"page":2,"lines":[25,26],"color":"#ffff00","comment":"Tort question: Fraud/misrepresentation - outcome and remedies"}]}
2026-03-11T04:34:03.270Z reloading /home/james/scribe/mcp_test/cbx/2017-02-CBX-Questions.pdf after highlight clear
2026-03-11T04:34:03.467Z tool done: create_highlighted_pdf (446ms)
2026-03-11T04:34:03.746Z tool call: extract_document_text args={"file":"/home/james/scribe/mcp_test/cbx/2024-02-CBX-Questions.pdf","startPage":0}
2026-03-11T04:34:03.853Z tool done: extract_document_text (107ms)
2026-03-11T04:34:06.072Z tool call: extract_document_text args={"file":"/home/james/scribe/mcp_test/cbx/2024-07-CBX-Questions.pdf","startPage":0,"maxChars":30000}
2026-03-11T04:34:06.158Z tool done: extract_document_text (86ms)
2026-03-11T04:34:06.731Z tool call: extract_document_text args={"file":"/home/james/scribe/mcp_test/cbx/2023-02-CBX-Questions.pdf","startPage":28}
2026-03-11T04:34:06.900Z tool done: extract_document_text (169ms)
2026-03-11T04:34:07.074Z tool call: create_highlighted_pdf args={"file":"/home/james/scribe/mcp_test/cbx/2021-02-CBX-Questions.pdf","outputPath":"/home/james/scribe/mcp_test/cbx_highlighted/2021-02-CBX-Questions.pdf","highlights":[]}
2026-03-11T04:34:07.252Z reloading /home/james/scribe/mcp_test/cbx/2021-02-CBX-Questions.pdf after highlight clear
2026-03-11T04:34:07.410Z tool done: create_highlighted_pdf (336ms)
2026-03-11T04:34:07.524Z tool call: extract_document_text args={"file":"/home/james/scribe/mcp_test/cbx/2024-02-CBX-Questions.pdf","startPage":14}
2026-03-11T04:34:07.638Z tool done: extract_document_text (114ms)
2026-03-11T04:34:09.827Z tool call: extract_document_text args={"file":"/home/james/scribe/mcp_test/cbx/2025-02-CBX-Questions.pdf","startPage":0}
2026-03-11T04:34:09.936Z tool done: extract_document_text (109ms)
2026-03-11T04:34:10.234Z tool call: extract_document_text args={"file":"/home/james/scribe/mcp_test/cbx/2024-07-CBX-Questions.pdf","startPage":21,"maxChars":30000}
2026-03-11T04:34:10.312Z tool done: extract_document_text (78ms)
2026-03-11T04:34:10.831Z tool call: create_highlighted_pdf args={"file":"/home/james/scribe/mcp_test/cbx/2022-07-CBX-Questions.pdf","outputPath":"/home/james/scribe/mcp_test/cbx_highlighted/2022-07-CBX-Questions.pdf","highlights":[]}
2026-03-11T04:34:10.895Z tool call: extract_document_text args={"file":"/home/james/scribe/mcp_test/cbx/2024-02-CBX-Questions.pdf","startPage":30}
2026-03-11T04:34:11.040Z reloading /home/james/scribe/mcp_test/cbx/2022-07-CBX-Questions.pdf after highlight clear
2026-03-11T04:34:11.213Z tool done: create_highlighted_pdf (382ms)
2026-03-11T04:34:11.272Z tool call: create_highlighted_pdf args={"file":"/home/james/scribe/mcp_test/cbx/2021-07-CBX-Questions.pdf","outputPath":"/home/james/scribe/mcp_test/cbx_highlighted/2021-07-CBX-Questions.pdf","highlights":[{"page":5,"lines":[18],"color":"#ffff00","comment":"Tort question: vicarious liability / respondeat superior for Cook's negligence"},{"page":5,"lines":[19],"color":"#ffff00","comment":"Tort question: duty to protect (special relationship)"},{"page":5,"lines":[20,21],"color":"#ffff00","comment":"Tort question: defenses to negligence claim against Davis"}]}
2026-03-11T04:34:11.325Z tool done: extract_document_text (430ms)
2026-03-11T04:34:11.448Z reloading /home/james/scribe/mcp_test/cbx/2021-07-CBX-Questions.pdf after highlight clear
2026-03-11T04:34:11.541Z tool done: create_highlighted_pdf (269ms)
2026-03-11T04:34:12.368Z tool call: create_highlighted_pdf args={"file":"/home/james/scribe/mcp_test/cbx/2022-02-CBX-Questions.pdf","outputPath":"/home/james/scribe/mcp_test/cbx_highlighted/2022-02-CBX-Questions.pdf","highlights":[{"page":3,"lines":[26],"color":"#ffff00","comment":"Tort question call - claims (nuisance, trespass to land)"},{"page":3,"lines":[27],"color":"#ffff00","comment":"Tort question call - remedies"}]}
2026-03-11T04:34:12.465Z reloading /home/james/scribe/mcp_test/cbx/2022-02-CBX-Questions.pdf after highlight clear
2026-03-11T04:34:12.547Z tool done: create_highlighted_pdf (179ms)
2026-03-11T04:34:13.226Z tool call: extract_document_text args={"file":"/home/james/scribe/mcp_test/cbx/2025-02-CBX-Questions.pdf","startPage":12}
2026-03-11T04:34:13.340Z tool done: extract_document_text (114ms)
2026-03-11T04:34:14.679Z tool call: extract_document_text args={"file":"/home/james/scribe/mcp_test/cbx/2025-07-CBX-Questions.pdf","startPage":0}
2026-03-11T04:34:14.774Z tool done: extract_document_text (95ms)
2026-03-11T04:34:15.110Z tool call: create_highlighted_pdf args={"file":"/home/james/scribe/mcp_test/cbx/2023-07-CBX-Questions.pdf","outputPath":"/home/james/scribe/mcp_test/cbx_highlighted/2023-07-CBX-Questions.pdf","highlights":[{"page":1,"lines":[19,20],"color":"#ffff00","comment":"TORT question call: Negligence, vicarious liability, partnership liability for car accident"},{"page":2,"lines":[18],"color":"#ffff00","comment":"TORT question call: Products liability claims"}]}
2026-03-11T04:34:15.202Z reloading /home/james/scribe/mcp_test/cbx/2023-07-CBX-Questions.pdf after highlight clear
2026-03-11T04:34:15.280Z tool done: create_highlighted_pdf (170ms)
2026-03-11T04:34:16.673Z tool call: extract_document_text args={"file":"/home/james/scribe/mcp_test/cbx/2025-02-CBX-Questions.pdf","startPage":28}
2026-03-11T04:34:16.828Z tool done: extract_document_text (155ms)
2026-03-11T04:34:18.034Z tool call: extract_document_text args={"file":"/home/james/scribe/mcp_test/cbx/2025-07-CBX-Questions.pdf","startPage":13}
2026-03-11T04:34:18.126Z tool done: extract_document_text (92ms)
2026-03-11T04:34:19.421Z tool call: create_highlighted_pdf args={"file":"/home/james/scribe/mcp_test/cbx/2023-02-CBX-Questions.pdf","outputPath":"/home/james/scribe/mcp_test/cbx_highlighted/2023-02-CBX-Questions.pdf","highlights":[]}
2026-03-11T04:34:19.557Z reloading /home/james/scribe/mcp_test/cbx/2023-02-CBX-Questions.pdf after highlight clear
2026-03-11T04:34:19.657Z tool done: create_highlighted_pdf (236ms)
2026-03-11T04:34:25.535Z tool call: create_highlighted_pdf args={"file":"/home/james/scribe/mcp_test/cbx/2024-02-CBX-Questions.pdf","outputPath":"/home/james/scribe/mcp_test/cbx_highlighted/2024-02-CBX-Questions.pdf","highlights":[]}
2026-03-11T04:34:25.669Z reloading /home/james/scribe/mcp_test/cbx/2024-02-CBX-Questions.pdf after highlight clear
2026-03-11T04:34:25.777Z tool done: create_highlighted_pdf (242ms)
2026-03-11T04:34:26.454Z tool call: create_highlighted_pdf args={"file":"/home/james/scribe/mcp_test/cbx/2024-07-CBX-Questions.pdf","outputPath":"/home/james/scribe/mcp_test/cbx_highlighted/2024-07-CBX-Questions.pdf","highlights":[]}
2026-03-11T04:34:26.623Z reloading /home/james/scribe/mcp_test/cbx/2024-07-CBX-Questions.pdf after highlight clear
2026-03-11T04:34:26.726Z tool done: create_highlighted_pdf (271ms)
2026-03-11T04:34:31.951Z tool call: create_highlighted_pdf args={"file":"/home/james/scribe/mcp_test/cbx/2025-07-CBX-Questions.pdf","outputPath":"/home/james/scribe/mcp_test/cbx_highlighted/2025-07-CBX-Questions.pdf","highlights":[{"page":2,"lines":[15,16],"color":"#ffff00","comment":"TORT question call #1: Negligence claim against Ollie and/or Barry"},{"page":2,"lines":[17,18],"color":"#ffff00","comment":"TORT question call #2: Battery claims (Yvonne v. Kate and Kate v. Yvonne)"},{"page":2,"lines":[19,20],"color":"#ffff00","comment":"TORT question call #3: Apportionment of damages between Ollie and Barry"}]}
2026-03-11T04:34:32.062Z reloading /home/james/scribe/mcp_test/cbx/2025-07-CBX-Questions.pdf after highlight clear
2026-03-11T04:34:32.162Z tool done: create_highlighted_pdf (211ms)
2026-03-11T04:34:40.322Z tool call: create_highlighted_pdf args={"file":"/home/james/scribe/mcp_test/cbx/2025-02-CBX-Questions.pdf","outputPath":"/home/james/scribe/mcp_test/cbx_highlighted/2025-02-CBX-Questions.pdf","highlights":[{"page":14,"lines":[23,24],"color":"#ffff00","comment":"TORT question call: Spoliation sanctions (wrongful death / products liability context)"},{"page":14,"lines":[25],"color":"#ffff00","comment":"TORT question call: Independent tort action for spoliation of evidence"}]}
2026-03-11T04:34:40.454Z reloading /home/james/scribe/mcp_test/cbx/2025-02-CBX-Questions.pdf after highlight clear
2026-03-11T04:34:40.564Z tool done: create_highlighted_pdf (242ms)
2026-03-11T04:45:13.487Z tool call: extract_document_text args={"file":"/home/james/scribe/mcp_test/cbx_highlighted/2013-02-CBX-Questions.pdf"}
2026-03-11T04:45:13.795Z tool done: extract_document_text (308ms)
2026-03-11T04:45:16.451Z tool call: extract_document_text args={"file":"/home/james/scribe/mcp_test/cbx_highlighted/2013-07-CBX-Questions.pdf","startPage":38,"maxChars":30000}
2026-03-11T04:45:16.794Z tool done: extract_document_text (343ms)
2026-03-11T04:45:17.939Z tool call: extract_document_text args={"file":"/home/james/scribe/mcp_test/cbx_highlighted/2013-02-CBX-Questions.pdf","startPage":30}
2026-03-11T04:45:18.208Z tool done: extract_document_text (269ms)
2026-03-11T04:45:19.882Z tool call: extract_document_text args={"file":"/home/james/scribe/mcp_test/cbx_highlighted/2014-02-CBX-Questions.pdf","startPage":40,"maxChars":30000}
2026-03-11T04:45:20.234Z tool done: extract_document_text (352ms)
2026-03-11T04:45:21.839Z tool call: extract_document_text args={"file":"/home/james/scribe/mcp_test/cbx_highlighted/2014-07-CBX-Questions.pdf","startPage":30,"maxChars":30000}
2026-03-11T04:45:22.125Z tool done: extract_document_text (286ms)
2026-03-11T04:45:26.148Z tool call: extract_document_text args={"file":"/home/james/scribe/mcp_test/cbx_highlighted/2015-02-CBX-Questions.pdf","startPage":35,"maxChars":30000}
2026-03-11T04:45:26.445Z tool done: extract_document_text (297ms)
2026-03-11T04:45:26.464Z tool call: subset_pdf args={"file":"/home/james/scribe/mcp_test/cbx_highlighted/2013-07-CBX-Questions.pdf","outputPath":"/home/james/scribe/mcp_test/cbx_torts_only/2013-07-CBX-Questions.pdf","pages":[41]}
2026-03-11T04:45:26.491Z tool done: subset_pdf (27ms)
2026-03-11T04:45:27.229Z tool call: subset_pdf args={"file":"/home/james/scribe/mcp_test/cbx_highlighted/2013-02-CBX-Questions.pdf","outputPath":"/home/james/scribe/mcp_test/cbx_torts_only/2013-02-CBX-Questions.pdf","pages":[3,32,34]}
2026-03-11T04:45:27.259Z tool done: subset_pdf (30ms)
2026-03-11T04:45:27.308Z tool call: extract_document_text args={"file":"/home/james/scribe/mcp_test/cbx_highlighted/2016-02-CBX-Questions.pdf"}
2026-03-11T04:45:27.688Z tool done: extract_document_text (380ms)
2026-03-11T04:45:29.967Z tool call: extract_document_text args={"file":"/home/james/scribe/mcp_test/cbx_highlighted/2017-02-CBX-Questions.pdf"}
2026-03-11T04:45:30.009Z tool call: subset_pdf args={"file":"/home/james/scribe/mcp_test/cbx_highlighted/2014-07-CBX-Questions.pdf","outputPath":"/home/james/scribe/mcp_test/cbx_torts_only/2014-07-CBX-Questions.pdf","pages":[36]}
2026-03-11T04:45:30.210Z tool done: extract_document_text (242ms)
2026-03-11T04:45:30.232Z tool done: subset_pdf (223ms)
2026-03-11T04:45:30.594Z tool call: subset_pdf args={"file":"/home/james/scribe/mcp_test/cbx_highlighted/2014-02-CBX-Questions.pdf","outputPath":"/home/james/scribe/mcp_test/cbx_torts_only/2014-02-CBX-Questions.pdf","pages":[42,44]}
2026-03-11T04:45:30.619Z tool done: subset_pdf (25ms)
2026-03-11T04:45:30.775Z tool call: extract_document_text args={"file":"/home/james/scribe/mcp_test/cbx_highlighted/2017-07-CBX-Questions.pdf","startPage":0,"maxChars":30000}
2026-03-11T04:45:30.870Z tool done: extract_document_text (95ms)
2026-03-11T04:45:32.678Z tool call: extract_document_text args={"file":"/home/james/scribe/mcp_test/cbx_highlighted/2018-02-CBX-Questions.pdf"}
2026-03-11T04:45:32.759Z tool done: extract_document_text (81ms)
2026-03-11T04:45:35.209Z tool call: extract_document_text args={"file":"/home/james/scribe/mcp_test/cbx_highlighted/2019-02-CBX-Questions.pdf"}
2026-03-11T04:45:35.219Z tool call: subset_pdf args={"file":"/home/james/scribe/mcp_test/cbx_highlighted/2015-02-CBX-Questions.pdf","outputPath":"/home/james/scribe/mcp_test/cbx_torts_only/2015-02-CBX-Questions.pdf","pages":[40]}
2026-03-11T04:45:35.322Z tool done: extract_document_text (113ms)
2026-03-11T04:45:35.347Z tool done: subset_pdf (128ms)
2026-03-11T04:45:35.589Z tool call: subset_pdf args={"file":"/home/james/scribe/mcp_test/cbx_highlighted/2016-02-CBX-Questions.pdf","outputPath":"/home/james/scribe/mcp_test/cbx_torts_only/2016-02-CBX-Questions.pdf","pages":[2]}
2026-03-11T04:45:35.615Z tool done: subset_pdf (26ms)
2026-03-11T04:45:36.713Z tool call: extract_document_text args={"file":"/home/james/scribe/mcp_test/cbx_highlighted/2020-02-CBX-Questions.pdf"}
2026-03-11T04:45:36.799Z tool done: extract_document_text (86ms)
2026-03-11T04:45:36.931Z tool call: subset_pdf args={"file":"/home/james/scribe/mcp_test/cbx_highlighted/2017-02-CBX-Questions.pdf","outputPath":"/home/james/scribe/mcp_test/cbx_torts_only/2017-02-CBX-Questions.pdf","pages":[2]}
2026-03-11T04:45:36.972Z tool done: subset_pdf (41ms)
2026-03-11T04:45:37.375Z tool call: subset_pdf args={"file":"/home/james/scribe/mcp_test/cbx_highlighted/2017-07-CBX-Questions.pdf","outputPath":"/home/james/scribe/mcp_test/cbx_torts_only/2017-07-CBX-Questions.pdf","pages":[6]}
2026-03-11T04:45:37.400Z tool done: subset_pdf (25ms)
2026-03-11T04:45:38.059Z tool call: subset_pdf args={"file":"/home/james/scribe/mcp_test/cbx_highlighted/2018-02-CBX-Questions.pdf","outputPath":"/home/james/scribe/mcp_test/cbx_torts_only/2018-02-CBX-Questions.pdf","pages":[3]}
2026-03-11T04:45:38.067Z tool done: subset_pdf (8ms)
2026-03-11T04:45:39.215Z tool call: extract_document_text args={"file":"/home/james/scribe/mcp_test/cbx_highlighted/2021-07-CBX-Questions.pdf"}
2026-03-11T04:45:39.326Z tool done: extract_document_text (111ms)
2026-03-11T04:45:40.870Z tool call: extract_document_text args={"file":"/home/james/scribe/mcp_test/cbx_highlighted/2022-02-CBX-Questions.pdf"}
2026-03-11T04:45:40.958Z tool done: extract_document_text (88ms)
2026-03-11T04:45:42.229Z tool call: extract_document_text args={"file":"/home/james/scribe/mcp_test/cbx_highlighted/2023-07-CBX-Questions.pdf"}
2026-03-11T04:45:42.311Z tool done: extract_document_text (82ms)
2026-03-11T04:45:44.787Z tool call: subset_pdf args={"file":"/home/james/scribe/mcp_test/cbx_highlighted/2020-02-CBX-Questions.pdf","outputPath":"/home/james/scribe/mcp_test/cbx_torts_only/2020-02-CBX-Questions.pdf","pages":[1]}
2026-03-11T04:45:44.790Z tool done: subset_pdf (2ms)
2026-03-11T04:45:44.879Z tool call: subset_pdf args={"file":"/home/james/scribe/mcp_test/cbx_highlighted/2019-02-CBX-Questions.pdf","outputPath":"/home/james/scribe/mcp_test/cbx_torts_only/2019-02-CBX-Questions.pdf","pages":[2]}
2026-03-11T04:45:44.888Z tool done: subset_pdf (9ms)
2026-03-11T04:45:45.610Z tool call: subset_pdf args={"file":"/home/james/scribe/mcp_test/cbx_highlighted/2021-07-CBX-Questions.pdf","outputPath":"/home/james/scribe/mcp_test/cbx_torts_only/2021-07-CBX-Questions.pdf","pages":[4,5]}
2026-03-11T04:45:45.622Z tool done: subset_pdf (12ms)
2026-03-11T04:45:47.921Z tool call: subset_pdf args={"file":"/home/james/scribe/mcp_test/cbx_highlighted/2022-02-CBX-Questions.pdf","outputPath":"/home/james/scribe/mcp_test/cbx_torts_only/2022-02-CBX-Questions.pdf","pages":[3]}
2026-03-11T04:45:47.929Z tool done: subset_pdf (8ms)
2026-03-11T04:45:48.176Z tool call: extract_document_text args={"file":"/home/james/scribe/mcp_test/cbx_highlighted/2025-07-CBX-Questions.pdf"}
2026-03-11T04:45:48.274Z tool done: extract_document_text (98ms)
2026-03-11T04:45:48.388Z tool call: extract_document_text args={"file":"/home/james/scribe/mcp_test/cbx_highlighted/2025-02-CBX-Questions.pdf","startPage":14,"maxChars":5000}
2026-03-11T04:45:48.509Z tool done: extract_document_text (121ms)
2026-03-11T04:45:51.314Z tool call: subset_pdf args={"file":"/home/james/scribe/mcp_test/cbx_highlighted/2023-07-CBX-Questions.pdf","outputPath":"/home/james/scribe/mcp_test/cbx_torts_only/2023-07-CBX-Questions.pdf","pages":[1,2]}
2026-03-11T04:45:51.321Z tool done: subset_pdf (7ms)
2026-03-11T04:45:53.626Z tool call: subset_pdf args={"file":"/home/james/scribe/mcp_test/cbx_highlighted/2025-02-CBX-Questions.pdf","outputPath":"/home/james/scribe/mcp_test/cbx_torts_only/2025-02-CBX-Questions.pdf","pages":[14]}
2026-03-11T04:45:53.636Z tool done: subset_pdf (10ms)
2026-03-11T04:45:56.130Z tool call: subset_pdf args={"file":"/home/james/scribe/mcp_test/cbx_highlighted/2025-07-CBX-Questions.pdf","outputPath":"/home/james/scribe/mcp_test/cbx_torts_only/2025-07-CBX-Questions.pdf","pages":[2]}
2026-03-11T04:45:56.137Z tool done: subset_pdf (7ms)
2026-03-11T04:49:48.795Z tool call: merge_pdfs args={"files":[{"file":"/home/james/scribe/mcp_test/cbx_torts_only/2013-02-CBX-Questions.pdf"},{"file":"/home/james/scribe/mcp_test/cbx_torts_only/2013-07-CBX-Questions.pdf"},{"file":"/home/james/scribe/mcp_test/cbx_torts_only/2014-02-CBX-Questions.pdf"},{"file":"/home/james/scribe/mcp_test/cbx_torts_only/2014-07-CBX-Questions.pdf"},{"file":"/home/james/scribe/mcp_test/cbx_torts_only/2015-02-CBX-Questions.pdf"},{"file":"/home/james/scribe/mcp_test/cbx_torts_only/2016-02-CBX-Questions.pdf"},{"file":"/home/james/scribe/mcp_test/cbx_torts_only/2017-02-CBX-Questions.pdf"},{"file":"/home/james/scribe/mcp_test/cbx_torts_only/2017-07-CBX-Questions.pdf"},{"file":"/home/james/scribe/mcp_test/cbx_torts_only/2018-02-CBX-Questions.pdf"},{"file":"/home/james/scribe/mcp_test/cbx_torts_only/2019-02-CBX-Questions.pdf"},{"file":"/home/james/scribe/mcp_test/cbx_torts_only/2020-02-CBX-Questions.pdf"},{"file":"/home/james/scribe/mcp_test/cbx_torts_only/2021-07-CBX-Questions.pdf"},{"file":"/home/james/scribe/mcp_test/cbx_torts_only/2022-02-CBX-Questions.pdf"},{"file":"/home/james/scribe/mcp_test/cbx_torts_only/2023-07-CBX-Questions.pdf"},{"file":"/home/james/scribe/mcp_test/cbx_torts_only/2025-02-CBX-Questions.pdf"},{"file":"/home/james/scribe/mcp_test/cbx_torts_only/2025-07-CBX-Questions.pdf"}],"outputPath":"/home/james/scribe/mcp_test/torts-questions.pdf"}
2026-03-11T04:50:58.662Z tool call: merge_pdfs args={"files":[{"file":"/home/james/scribe/mcp_test/cbx_torts_only/2013-02-CBX-Questions.pdf"},{"file":"/home/james/scribe/mcp_test/cbx_torts_only/2013-07-CBX-Questions.pdf"},{"file":"/home/james/scribe/mcp_test/cbx_torts_only/2014-02-CBX-Questions.pdf"},{"file":"/home/james/scribe/mcp_test/cbx_torts_only/2014-07-CBX-Questions.pdf"},{"file":"/home/james/scribe/mcp_test/cbx_torts_only/2015-02-CBX-Questions.pdf"},{"file":"/home/james/scribe/mcp_test/cbx_torts_only/2016-02-CBX-Questions.pdf"},{"file":"/home/james/scribe/mcp_test/cbx_torts_only/2017-02-CBX-Questions.pdf"},{"file":"/home/james/scribe/mcp_test/cbx_torts_only/2017-07-CBX-Questions.pdf"},{"file":"/home/james/scribe/mcp_test/cbx_torts_only/2018-02-CBX-Questions.pdf"},{"file":"/home/james/scribe/mcp_test/cbx_torts_only/2019-02-CBX-Questions.pdf"},{"file":"/home/james/scribe/mcp_test/cbx_torts_only/2020-02-CBX-Questions.pdf"},{"file":"/home/james/scribe/mcp_test/cbx_torts_only/2021-07-CBX-Questions.pdf"},{"file":"/home/james/scribe/mcp_test/cbx_torts_only/2022-02-CBX-Questions.pdf"},{"file":"/home/james/scribe/mcp_test/cbx_torts_only/2023-07-CBX-Questions.pdf"},{"file":"/home/james/scribe/mcp_test/cbx_torts_only/2025-02-CBX-Questions.pdf"},{"file":"/home/james/scribe/mcp_test/cbx_torts_only/2025-07-CBX-Questions.pdf"}],"outputPath":"/home/james/scribe/mcp_test/cbx_torts_only/torts-questions.pdf"}
2026-03-11T04:50:59.472Z tool done: merge_pdfs (810ms)
2026-03-11T05:11:08.851Z tool call: open_viewer args={"file":"/home/james/scribe/mcp_test/cbx_torts_only/torts-questions.pdf","page":14}
2026-03-11T05:11:08.861Z tool done: open_viewer (9ms)
2026-03-11T05:13:05.388Z tool call: merge_pdfs args={"files":[{"file":"/home/james/scribe/mcp_test/cbx_torts_only/2013-02-CBX-Questions.pdf"},{"file":"/home/james/scribe/mcp_test/cbx_torts_only/2013-07-CBX-Questions.pdf"},{"file":"/home/james/scribe/mcp_test/cbx_torts_only/2014-02-CBX-Questions.pdf"},{"file":"/home/james/scribe/mcp_test/cbx_torts_only/2014-07-CBX-Questions.pdf"},{"file":"/home/james/scribe/mcp_test/cbx_torts_only/2015-02-CBX-Questions.pdf"},{"file":"/home/james/scribe/mcp_test/cbx_torts_only/2016-02-CBX-Questions.pdf"},{"file":"/home/james/scribe/mcp_test/cbx_torts_only/2017-02-CBX-Questions.pdf"},{"file":"/home/james/scribe/mcp_test/cbx_torts_only/2017-07-CBX-Questions.pdf"},{"file":"/home/james/scribe/mcp_test/cbx_torts_only/2018-02-CBX-Questions.pdf"},{"file":"/home/james/scribe/mcp_test/cbx_torts_only/2019-02-CBX-Questions.pdf"},{"file":"/home/james/scribe/mcp_test/cbx_torts_only/2020-02-CBX-Questions.pdf"},{"file":"/home/james/scribe/mcp_test/cbx_torts_only/2021-07-CBX-Questions.pdf"},{"file":"/home/james/scribe/mcp_test/cbx_torts_only/2022-02-CBX-Questions.pdf"},{"file":"/home/james/scribe/mcp_test/cbx_torts_only/2023-07-CBX-Questions.pdf"},{"file":"/home/james/scribe/mcp_test/cbx_torts_only/2025-02-CBX-Questions.pdf"},{"file":"/home/james/scribe/mcp_test/cbx_torts_only/2025-07-CBX-Questions.pdf"}],"outputPath":"/home/james/scribe/mcp_test/cbx_torts_only/torts-questions.pdf"}
2026-03-11T05:13:05.458Z tool done: merge_pdfs (70ms)
2026-03-11T05:13:20.970Z tool call: open_viewer args={"file":"/home/james/scribe/mcp_test/cbx_torts_only/torts-questions.pdf","page":14}
2026-03-11T05:13:20.976Z tool done: open_viewer (6ms)
2026-03-11T05:16:15.690Z tool call: merge_pdfs args={"files":[{"file":"/home/james/scribe/mcp_test/cbx_torts_only/2013-02-CBX-Questions.pdf"},{"file":"/home/james/scribe/mcp_test/cbx_torts_only/2013-07-CBX-Questions.pdf"},{"file":"/home/james/scribe/mcp_test/cbx_torts_only/2014-02-CBX-Questions.pdf"},{"file":"/home/james/scribe/mcp_test/cbx_torts_only/2014-07-CBX-Questions.pdf"},{"file":"/home/james/scribe/mcp_test/cbx_torts_only/2015-02-CBX-Questions.pdf"},{"file":"/home/james/scribe/mcp_test/cbx_torts_only/2016-02-CBX-Questions.pdf"},{"file":"/home/james/scribe/mcp_test/cbx_torts_only/2017-02-CBX-Questions.pdf"},{"file":"/home/james/scribe/mcp_test/cbx_torts_only/2017-07-CBX-Questions.pdf"},{"file":"/home/james/scribe/mcp_test/cbx_torts_only/2018-02-CBX-Questions.pdf"},{"file":"/home/james/scribe/mcp_test/cbx_torts_only/2019-02-CBX-Questions.pdf"},{"file":"/home/james/scribe/mcp_test/cbx_torts_only/2020-02-CBX-Questions.pdf"},{"file":"/home/james/scribe/mcp_test/cbx_torts_only/2021-07-CBX-Questions.pdf"},{"file":"/home/james/scribe/mcp_test/cbx_torts_only/2022-02-CBX-Questions.pdf"},{"file":"/home/james/scribe/mcp_test/cbx_torts_only/2023-07-CBX-Questions.pdf"},{"file":"/home/james/scribe/mcp_test/cbx_torts_only/2025-02-CBX-Questions.pdf"},{"file":"/home/james/scribe/mcp_test/cbx_torts_only/2025-07-CBX-Questions.pdf"}],"outputPath":"/home/james/scribe/mcp_test/cbx_torts_only/torts-questions.pdf"}
2026-03-11T05:16:15.739Z tool done: merge_pdfs (48ms)
2026-03-11T05:29:14.297Z tool call: merge_pdfs args={"files":[{"file":"/home/james/scribe/mcp_test/cbx_torts_only/2013-02-CBX-Questions.pdf"},{"file":"/home/james/scribe/mcp_test/cbx_torts_only/2013-07-CBX-Questions.pdf"},{"file":"/home/james/scribe/mcp_test/cbx_torts_only/2014-02-CBX-Questions.pdf"},{"file":"/home/james/scribe/mcp_test/cbx_torts_only/2014-07-CBX-Questions.pdf"},{"file":"/home/james/scribe/mcp_test/cbx_torts_only/2015-02-CBX-Questions.pdf"},{"file":"/home/james/scribe/mcp_test/cbx_torts_only/2016-02-CBX-Questions.pdf"},{"file":"/home/james/scribe/mcp_test/cbx_torts_only/2017-02-CBX-Questions.pdf"},{"file":"/home/james/scribe/mcp_test/cbx_torts_only/2017-07-CBX-Questions.pdf"},{"file":"/home/james/scribe/mcp_test/cbx_torts_only/2018-02-CBX-Questions.pdf"},{"file":"/home/james/scribe/mcp_test/cbx_torts_only/2019-02-CBX-Questions.pdf"},{"file":"/home/james/scribe/mcp_test/cbx_torts_only/2020-02-CBX-Questions.pdf"},{"file":"/home/james/scribe/mcp_test/cbx_torts_only/2021-07-CBX-Questions.pdf"},{"file":"/home/james/scribe/mcp_test/cbx_torts_only/2022-02-CBX-Questions.pdf"},{"file":"/home/james/scribe/mcp_test/cbx_torts_only/2023-07-CBX-Questions.pdf"},{"file":"/home/james/scribe/mcp_test/cbx_torts_only/2025-02-CBX-Questions.pdf"},{"file":"/home/james/scribe/mcp_test/cbx_torts_only/2025-07-CBX-Questions.pdf"}],"outputPath":"/home/james/scribe/mcp_test/cbx_torts_only/torts-questions.pdf"}
2026-03-11T05:29:15.120Z tool done: merge_pdfs (823ms)
2026-03-11T05:33:52.462Z tool call: extract_document_text args={"file":"/home/james/scribe/mcp_test/motion_corrected/gov.uscourts.cand.249697.701.0.pdf","maxChars":80000}
2026-03-11T05:33:53.394Z tool done: extract_document_text (932ms)
2026-03-11T05:33:53.598Z tool call: extract_document_text args={"file":"/home/james/scribe/mcp_test/motion_corrected/gov.uscourts.cand.249697.704.1.pdf","maxChars":80000}
2026-03-11T05:33:53.882Z tool done: extract_document_text (284ms)
2026-03-11T05:34:47.956Z tool call: extract_document_text args={"file":"/home/james/scribe/mcp_test/motion_corrected/gov.uscourts.cand.249697.701.0.pdf","startPage":26,"maxChars":80000}
2026-03-11T05:34:48.210Z tool done: extract_document_text (254ms)
2026-03-11T05:34:48.886Z tool call: extract_document_text args={"file":"/home/james/scribe/mcp_test/motion_corrected/gov.uscourts.cand.249697.704.1.pdf","startPage":26,"maxChars":80000}
2026-03-11T05:34:49.094Z tool done: extract_document_text (208ms)
2026-03-11T05:38:27.009Z tool call: create_highlighted_pdf args={"file":"/home/james/scribe/mcp_test/motion_corrected/gov.uscourts.cand.249697.704.1.pdf","outputPath":"/home/james/scribe/mcp_test/motion_corrected/704_corrections_highlighted.pdf","highlights":[{"page":15,"lines":[40],"startText":"complementarity","endText":"complementarity","color":"#90EE90","comment":"CORRECTED: Was \"complimentary effects\" in docket 701. Changed to \"complementarity effects\" — the correct economic term describing mutual enhancement between goods/services."},{"page":30,"lines":[42],"startText":"the Windows PC game","endText":"apps marketplace.","color":"#90EE90","comment":"CORRECTED: Was \"the Microsoft Store\" in docket 701. Changed to \"the Windows PC game apps marketplace\" — broadening the comparator reference from a specific store to the broader marketplace."},{"page":34,"lines":[37],"startText":"used data from 2019","endText":"used data from 2019","color":"#90EE90","comment":"CORRECTED: Was \"used profit margin data from 2019\" in docket 701. The words \"profit margin\" were removed, making the description more accurate — Dr. Abrantes-Metz used general data from 2019, not specifically profit margin data."},{"page":35,"lines":[48,49],"startText":"n.188","endText":"n.188","color":"#90EE90","comment":"CORRECTED: Was \"n.193\" in docket 701. Footnote cross-reference number corrected to n.188."},{"page":35,"lines":[53],"startText":"n.255","endText":"n.255","color":"#90EE90","comment":"CORRECTED: Was \"n.267\" in docket 701. Footnote cross-reference number corrected to n.255."},{"page":36,"lines":[38],"startText":"Abrantes-Metz Decl.","endText":"94;","color":"#90EE90","comment":"CORRECTED: Was \"Abrantes-Metz ¶ 89\" in docket 701. Two corrections: (1) added \"Decl.\" to properly identify the Declaration, and (2) changed paragraph number from ¶ 89 to ¶ 94."},{"page":36,"lines":[46],"startText":"Abrantes-Metz Decl.","endText":"95.","color":"#90EE90","comment":"CORRECTED: Was \"Abrantes-Metz Decl. ¶ 91\" in docket 701. Paragraph number corrected from ¶ 91 to ¶ 95."}]}
2026-03-11T05:38:27.038Z reloading /home/james/scribe/mcp_test/motion_corrected/gov.uscourts.cand.249697.704.1.pdf after highlight clear
2026-03-11T05:38:27.254Z tool done: create_highlighted_pdf (245ms)
2026-03-11T05:41:15.609Z tool call: create_highlighted_pdf args={"file":"/home/james/scribe/mcp_test/motion_corrected/gov.uscourts.cand.249697.704.1.pdf","outputPath":"/home/james/scribe/mcp_test/motion_corrected/704_corrections_highlighted.pdf","highlights":[{"page":15,"lines":[40],"startText":"complementarity","endText":"complementarity","color":"#90EE90","comment":"complimentary effects"},{"page":30,"lines":[42],"startText":"the Windows PC game","endText":"apps marketplace.","color":"#90EE90","comment":"the Microsoft Store"},{"page":34,"lines":[37],"startText":"used data from 2019","endText":"used data from 2019","color":"#90EE90","comment":"used profit margin data from 2019"},{"page":35,"lines":[48,49],"startText":"n.188","endText":"n.188","color":"#90EE90","comment":"n.193"},{"page":35,"lines":[53],"startText":"n.255","endText":"n.255","color":"#90EE90","comment":"n.267"},{"page":36,"lines":[38],"startText":"Abrantes-Metz Decl.","endText":"94;","color":"#90EE90","comment":"Abrantes-Metz ¶ 89"},{"page":36,"lines":[46],"startText":"Abrantes-Metz Decl.","endText":"95.","color":"#90EE90","comment":"Abrantes-Metz Decl. ¶ 91"}]}
2026-03-11T05:41:15.628Z reloading /home/james/scribe/mcp_test/motion_corrected/gov.uscourts.cand.249697.704.1.pdf after highlight clear
2026-03-11T05:41:15.872Z tool done: create_highlighted_pdf (263ms)
2026-03-11T06:14:16.192Z tool call: open_viewer args={"file":"/home/james/scribe/mcp_test/motion_corrected/704_corrections_highlighted.pdf","page":19}
2026-03-11T06:14:16.216Z tool done: open_viewer (23ms)
2026-03-11T06:19:10.134Z tool call: open_viewer args={"file":"/home/james/scribe/mcp_test/motion_corrected/704_corrections_highlighted.pdf","page":0}
2026-03-11T06:19:10.141Z tool done: open_viewer (6ms)
2026-03-11T06:20:35.519Z tool call: open_viewer args={"file":"/home/james/scribe/mcp_test/motion_corrected/704_corrections_highlighted.pdf","page":0}
2026-03-11T06:20:35.525Z tool done: open_viewer (6ms)
2026-03-11T06:21:09.138Z tool call: open_viewer args={"file":"/home/james/scribe/mcp_test/motion_corrected/704_corrections_highlighted.pdf","page":30}
2026-03-11T06:21:09.144Z tool done: open_viewer (6ms)
2026-03-11T06:22:19.876Z tool call: open_viewer args={"file":"/home/james/scribe/mcp_test/motion_corrected/704_corrections_highlighted.pdf","page":30}
2026-03-11T06:22:19.880Z tool done: open_viewer (4ms)
2026-03-11T06:30:45.122Z tool call: open_viewer args={"file":"/home/james/scribe/mcp_test/motion_corrected/704_corrections_highlighted.pdf","page":30}
2026-03-11T06:30:45.129Z tool done: open_viewer (6ms)
2026-03-11T07:46:35.184Z tool call: load_document args={"file":"/home/james/scribe/mcp_test/motion_corrected/gov.uscourts.cand.249697.704.1.pdf"}
2026-03-11T07:46:36.182Z tool done: load_document (991ms)
2026-03-11T07:46:38.168Z tool call: extract_document_text args={"startPage":0,"maxChars":30000}
2026-03-11T07:46:38.170Z tool done: extract_document_text (2ms)
2026-03-11T07:46:41.376Z tool call: extract_document_text args={"startPage":12,"maxChars":30000}
2026-03-11T07:46:41.377Z tool done: extract_document_text (1ms)
2026-03-11T07:46:44.028Z tool call: extract_document_text args={"startPage":20,"maxChars":30000}
2026-03-11T07:46:44.028Z tool done: extract_document_text (0ms)
2026-03-11T07:46:46.209Z tool call: extract_document_text args={"startPage":29,"maxChars":30000}
2026-03-11T07:46:46.209Z tool done: extract_document_text (0ms)
2026-03-11T07:46:48.470Z tool call: extract_document_text args={"startPage":37,"maxChars":15000}
2026-03-11T07:46:48.471Z tool done: extract_document_text (1ms)
2026-03-11T07:48:07.507Z tool call: create_highlighted_pdf args={"file":"/home/james/scribe/mcp_test/motion_corrected/gov.uscourts.cand.249697.704.1.pdf","outputPath":"/home/james/scribe/mcp_test/motion_corrected/704_1_reviewed.pdf","highlights":[{"page":7,"lines":[73,74,75],"color":"#FFA500","comment":"ECF number error: 'ECF No. 388-6' appears to be a typo. All other expert reports filed on March 10, 2023 are listed at ECF No. 688-X (e.g., 688-3, 688-4, 688-5, 688-7, 688-8). This should likely read 'ECF No. 688-6.'","startText":"Watson"},{"page":12,"lines":[53,54,55,56,57,58,59],"color":"#FFA500","comment":"This overstates the applicable standard. While a 'tailored' Daubert analysis applies at class certification, Plaintiffs conflate the idea that evidence need not be fully admissible at class certification (Sali) with a lower reliability threshold for expert methodology. The Ninth Circuit in Sali addressed whether inadmissible evidence could be considered at all at the class certification stage—it did not hold that expert methodology can be less reliable. The 'lower Daubert standard' language from Aberin is a district court formulation, not binding Ninth Circuit precedent, and could be seen as a mischaracterization of the governing law.","startText":"Importantly"},{"page":13,"lines":[42,43,44,45,46,47,48,49,50,51,52,53,54],"color":"#FFA500","comment":"This argument conflates enterprise-level variable costs (user acquisition, customer support, coding labor) with per-transaction marginal costs. In economics, 'marginal cost' refers to the cost of producing one additional unit. The costs described here—user acquisition, customer support infrastructure, coding labor—are better characterized as semi-fixed or overhead costs that scale with business size but do not vary with each individual transaction. The brief essentially concedes Apple's point (that per-unit marginal cost of digital goods is near zero) while redefining 'marginal cost' to include broader business costs. This definitional sleight-of-hand is the exact issue Apple is raising, and the brief does not adequately address why this broader definition is the correct one for the econometric model.","startText":"marginal costs are those"},{"page":15,"lines":[35,36],"color":"#FFA500","comment":"Citation form issue: The brief cites 'Daubert, 43 F.3d at 1318,' which is the Ninth Circuit's opinion on remand (Daubert v. Merrell Dow Pharms., Inc., 43 F.3d 1311 (9th Cir. 1995)), not the Supreme Court decision cited throughout the rest of this brief as 509 U.S. 579. While not technically wrong, this is confusing because the reader may not realize this refers to a different opinion in the same case. The parenthetical should clarify this is the Ninth Circuit remand decision.","startText":"Elosu"},{"page":20,"lines":[51,52,53,54],"color":"#FFA500","comment":"This Comcast argument is a double-edged sword. By maintaining separate models—one for if Plaintiffs prevail on price tiers and one for if Apple prevails—Plaintiffs arguably concede that their main model does not work under all liability scenarios. Comcast requires that the damages model match the theory of liability. Having a fallback 'tier simulation' could be read as an admission that the primary model fails to account for real-world pricing constraints, which is precisely Apple's critique. A more confident approach would assert that a single model handles both scenarios.","startText":"Plaintiffs' case"},{"page":26,"lines":[48,49,50],"color":"#FFA500","comment":"Minimizing 1 million switching accounts as 'less than one percent' is misleading. While the percentage may be small, 1 million accounts is a very large absolute number of individuals whose injury status changes based on data inputs. This undermines the claim that the model reliably identifies injured class members on an individual basis—a core requirement for class certification. A model that cannot consistently classify over a million accounts raises legitimate concerns about precision, regardless of the percentage.","startText":"1 million accounts is less"},{"page":12,"lines":[34,35,36,37,38],"color":"#FFA500","comment":"The dismissal of indirect network effects analysis as 'unnecessary' is analytically weak. The absence of consumer fees or subsidies in the Windows PC game market does not establish that indirect network effects are irrelevant to the but-for commission rate. Network effects in two-sided platforms can influence equilibrium pricing through channels other than direct consumer subsidies—such as the volume of developer participation affecting consumer demand and vice versa. Simply observing that no subsidy exists in a comparator market does not prove that network effects played no role in determining that market's commission rates. This reasoning assumes the conclusion it purports to prove."},{"page":30,"lines":[34],"color":"#FFA500","comment":"Typographical error: 'previosly' should be 'previously.'","startText":"previosly"},{"page":33,"lines":[39,40,41,42,43,44],"color":"#FFA500","comment":"The Cydia example actually undermines this argument. Cydia operated exclusively on jailbroken iPhones—devices whose security had been circumvented to bypass Apple's restrictions. Cydia's existence demonstrates that Apple's ecosystem was closed to third-party app stores, and that competitors could only enter by exploiting a security workaround that Apple actively fought. This is evidence that absent Apple's restrictions, a rival might have existed—but it does not support the assumption that a rival would have 'always' existed at full competitive scale from the App Store's inception. The fact that Cydia required jailbreaking suggests significant barriers to entry, not the easy competitive entry that Dr. Abrantes-Metz assumes.","startText":"Apple's App Store"},{"page":35,"lines":[39],"color":"#FFA500","comment":"Inconsistent title: Throughout the brief, she is referred to as 'Dr. Abrantes-Metz,' but here the brief switches to 'Prof. Abrantes-Metz.' This inconsistency is unprofessional and should be corrected.","startText":"Prof. Abrantes-Metz"}]}
2026-03-11T07:48:07.547Z reloading /home/james/scribe/mcp_test/motion_corrected/gov.uscourts.cand.249697.704.1.pdf after highlight clear
2026-03-11T07:48:07.793Z tool done: create_highlighted_pdf (285ms)
2026-03-11T08:01:53.104Z tool call: open_viewer args={"file":"/home/james/scribe/mcp_test/motion_corrected/704_1_reviewed.pdf","page":7}
2026-03-11T08:01:53.109Z tool done: open_viewer (4ms)
2026-03-11T08:04:41.323Z tool call: load_document args={"file":"/home/james/scribe/mcp_test/motion_corrected/704_corrections_highlighted.pdf"}
2026-03-11T08:04:42.166Z tool done: load_document (842ms)
2026-03-11T08:04:56.203Z tool call: render_page args={"file":"/home/james/scribe/mcp_test/motion_corrected/704_corrections_highlighted.pdf","page":0}
2026-03-11T08:04:56.239Z tool done: render_page (35ms)
2026-03-11T08:04:56.448Z tool call: render_page args={"file":"/home/james/scribe/mcp_test/motion_corrected/704_corrections_highlighted.pdf","page":1}
2026-03-11T08:04:56.494Z tool done: render_page (46ms)
2026-03-11T08:04:57.299Z tool call: render_page args={"file":"/home/james/scribe/mcp_test/motion_corrected/704_corrections_highlighted.pdf","page":2}
2026-03-11T08:04:57.337Z tool done: render_page (38ms)
2026-03-11T08:04:57.680Z tool call: render_page args={"file":"/home/james/scribe/mcp_test/motion_corrected/704_corrections_highlighted.pdf","page":3}
2026-03-11T08:04:57.713Z tool done: render_page (33ms)
2026-03-11T08:05:03.755Z tool call: render_page args={"file":"/home/james/scribe/mcp_test/motion_corrected/704_corrections_highlighted.pdf","page":4}
2026-03-11T08:05:03.791Z tool done: render_page (36ms)
2026-03-11T08:05:04.234Z tool call: render_page args={"file":"/home/james/scribe/mcp_test/motion_corrected/704_corrections_highlighted.pdf","page":5}
2026-03-11T08:05:04.264Z tool done: render_page (29ms)
2026-03-11T08:05:05.147Z tool call: render_page args={"file":"/home/james/scribe/mcp_test/motion_corrected/704_corrections_highlighted.pdf","page":6}
2026-03-11T08:05:05.189Z tool done: render_page (42ms)
2026-03-11T08:05:05.475Z tool call: render_page args={"file":"/home/james/scribe/mcp_test/motion_corrected/704_corrections_highlighted.pdf","page":7}
2026-03-11T08:05:05.511Z tool done: render_page (36ms)
2026-03-11T08:05:13.517Z tool call: render_page args={"file":"/home/james/scribe/mcp_test/motion_corrected/704_corrections_highlighted.pdf","page":8}
2026-03-11T08:05:13.556Z tool done: render_page (39ms)
2026-03-11T08:05:13.980Z tool call: render_page args={"file":"/home/james/scribe/mcp_test/motion_corrected/704_corrections_highlighted.pdf","page":9}
2026-03-11T08:05:14.022Z tool done: render_page (42ms)
2026-03-11T08:05:15.115Z tool call: render_page args={"file":"/home/james/scribe/mcp_test/motion_corrected/704_corrections_highlighted.pdf","page":10}
2026-03-11T08:05:15.153Z tool done: render_page (38ms)
2026-03-11T08:05:15.294Z tool call: render_page args={"file":"/home/james/scribe/mcp_test/motion_corrected/704_corrections_highlighted.pdf","page":11}
2026-03-11T08:05:15.337Z tool done: render_page (43ms)
2026-03-11T08:05:25.038Z tool call: open_viewer args={"file":"/home/james/scribe/mcp_test/motion_corrected/704_corrections_highlighted.pdf","page":11}
2026-03-11T08:05:25.045Z tool done: open_viewer (6ms)
2026-03-11T08:06:46.884Z tool call: render_page args={"file":"/home/james/scribe/mcp_test/motion_corrected/704_corrections_highlighted.pdf","page":12}
2026-03-11T08:06:46.931Z tool done: render_page (47ms)
2026-03-11T08:06:47.366Z tool call: render_page args={"file":"/home/james/scribe/mcp_test/motion_corrected/704_corrections_highlighted.pdf","page":13}
2026-03-11T08:06:47.409Z tool done: render_page (43ms)
2026-03-11T08:06:47.853Z tool call: render_page args={"file":"/home/james/scribe/mcp_test/motion_corrected/704_corrections_highlighted.pdf","page":14}
2026-03-11T08:06:47.898Z tool done: render_page (45ms)
2026-03-11T08:06:48.346Z tool call: render_page args={"file":"/home/james/scribe/mcp_test/motion_corrected/704_corrections_highlighted.pdf","page":15}
2026-03-11T08:06:48.388Z tool done: render_page (42ms)
2026-03-11T08:06:56.199Z tool call: render_page args={"file":"/home/james/scribe/mcp_test/motion_corrected/704_corrections_highlighted.pdf","page":16}
2026-03-11T08:06:56.241Z tool done: render_page (42ms)
2026-03-11T08:06:57.074Z tool call: render_page args={"file":"/home/james/scribe/mcp_test/motion_corrected/704_corrections_highlighted.pdf","page":17}
2026-03-11T08:06:57.114Z tool done: render_page (40ms)
2026-03-11T08:06:57.534Z tool call: render_page args={"file":"/home/james/scribe/mcp_test/motion_corrected/704_corrections_highlighted.pdf","page":18}
2026-03-11T08:06:57.572Z tool done: render_page (38ms)
2026-03-11T08:06:57.917Z tool call: render_page args={"file":"/home/james/scribe/mcp_test/motion_corrected/704_corrections_highlighted.pdf","page":19}
2026-03-11T08:06:57.957Z tool done: render_page (40ms)
2026-03-11T08:07:05.837Z tool call: render_page args={"file":"/home/james/scribe/mcp_test/motion_corrected/704_corrections_highlighted.pdf","page":20}
2026-03-11T08:07:05.873Z tool done: render_page (36ms)
2026-03-11T08:07:06.196Z tool call: render_page args={"file":"/home/james/scribe/mcp_test/motion_corrected/704_corrections_highlighted.pdf","page":21}
2026-03-11T08:07:06.236Z tool done: render_page (39ms)
2026-03-11T08:07:07.178Z tool call: render_page args={"file":"/home/james/scribe/mcp_test/motion_corrected/704_corrections_highlighted.pdf","page":22}
2026-03-11T08:07:07.216Z tool done: render_page (37ms)
2026-03-11T08:07:07.461Z tool call: render_page args={"file":"/home/james/scribe/mcp_test/motion_corrected/704_corrections_highlighted.pdf","page":23}
2026-03-11T08:07:07.498Z tool done: render_page (37ms)
2026-03-11T08:07:16.325Z tool call: render_page args={"file":"/home/james/scribe/mcp_test/motion_corrected/704_corrections_highlighted.pdf","page":24}
2026-03-11T08:07:16.364Z tool done: render_page (38ms)
2026-03-11T08:07:16.794Z tool call: render_page args={"file":"/home/james/scribe/mcp_test/motion_corrected/704_corrections_highlighted.pdf","page":25}
2026-03-11T08:07:16.835Z tool done: render_page (41ms)
2026-03-11T08:07:17.679Z tool call: render_page args={"file":"/home/james/scribe/mcp_test/motion_corrected/704_corrections_highlighted.pdf","page":26}
2026-03-11T08:07:17.716Z tool done: render_page (37ms)
2026-03-11T08:07:18.069Z tool call: render_page args={"file":"/home/james/scribe/mcp_test/motion_corrected/704_corrections_highlighted.pdf","page":27}
2026-03-11T08:07:18.106Z tool done: render_page (37ms)
2026-03-11T08:07:28.710Z tool call: open_viewer args={"file":"/home/james/scribe/mcp_test/motion_corrected/704_corrections_highlighted.pdf","page":25}
2026-03-11T08:07:28.718Z tool done: open_viewer (8ms)
2026-03-11T08:08:43.900Z tool call: render_page args={"file":"/home/james/scribe/mcp_test/motion_corrected/704_corrections_highlighted.pdf","page":28}
2026-03-11T08:08:43.945Z tool done: render_page (44ms)
2026-03-11T08:08:44.725Z tool call: render_page args={"file":"/home/james/scribe/mcp_test/motion_corrected/704_corrections_highlighted.pdf","page":29}
2026-03-11T08:08:44.763Z tool done: render_page (37ms)
2026-03-11T08:08:45.198Z tool call: render_page args={"file":"/home/james/scribe/mcp_test/motion_corrected/704_corrections_highlighted.pdf","page":30}
2026-03-11T08:08:45.245Z tool done: render_page (47ms)
2026-03-11T08:08:45.850Z tool call: render_page args={"file":"/home/james/scribe/mcp_test/motion_corrected/704_corrections_highlighted.pdf","page":31}
2026-03-11T08:08:45.892Z tool done: render_page (42ms)
2026-03-11T08:08:55.273Z tool call: render_page args={"file":"/home/james/scribe/mcp_test/motion_corrected/704_corrections_highlighted.pdf","page":32}
2026-03-11T08:08:55.317Z tool done: render_page (44ms)
2026-03-11T08:08:56.158Z tool call: render_page args={"file":"/home/james/scribe/mcp_test/motion_corrected/704_corrections_highlighted.pdf","page":33}
2026-03-11T08:08:56.211Z tool done: render_page (53ms)
2026-03-11T08:08:56.608Z tool call: render_page args={"file":"/home/james/scribe/mcp_test/motion_corrected/704_corrections_highlighted.pdf","page":34}
2026-03-11T08:08:56.649Z tool done: render_page (41ms)
2026-03-11T08:08:57.513Z tool call: render_page args={"file":"/home/james/scribe/mcp_test/motion_corrected/704_corrections_highlighted.pdf","page":35}
2026-03-11T08:08:57.561Z tool done: render_page (47ms)
2026-03-11T08:09:08.243Z tool call: render_page args={"file":"/home/james/scribe/mcp_test/motion_corrected/704_corrections_highlighted.pdf","page":36}
2026-03-11T08:09:08.283Z tool done: render_page (40ms)
2026-03-11T08:09:08.659Z tool call: render_page args={"file":"/home/james/scribe/mcp_test/motion_corrected/704_corrections_highlighted.pdf","page":37}
2026-03-11T08:09:08.698Z tool done: render_page (39ms)
2026-03-11T08:09:09.098Z tool call: render_page args={"file":"/home/james/scribe/mcp_test/motion_corrected/704_corrections_highlighted.pdf","page":38}
2026-03-11T08:09:09.139Z tool done: render_page (41ms)
2026-03-11T08:09:09.746Z tool call: render_page args={"file":"/home/james/scribe/mcp_test/motion_corrected/704_corrections_highlighted.pdf","page":39}
2026-03-11T08:09:09.767Z tool done: render_page (21ms)
2026-03-11T08:10:40.990Z tool call: open_viewer args={"file":"/home/james/scribe/mcp_test/motion_corrected/704_corrections_highlighted.pdf","page":25}
2026-03-11T08:10:40.995Z tool done: open_viewer (4ms)
2026-03-11T08:14:28.366Z tool call: render_page args={"file":"/home/james/scribe/mcp_test/motion_corrected/704_corrections_highlighted.pdf","page":25,"dpi":300}
2026-03-11T08:14:28.518Z tool done: render_page (152ms)
2026-03-11T08:14:54.956Z tool call: render_page args={"file":"/home/james/scribe/mcp_test/motion_corrected/704_corrections_highlighted.pdf","page":8,"dpi":300}
2026-03-11T08:14:55.067Z tool done: render_page (111ms)
2026-03-11T08:14:55.852Z tool call: render_page args={"file":"/home/james/scribe/mcp_test/motion_corrected/704_corrections_highlighted.pdf","page":9,"dpi":300}
2026-03-11T08:14:55.970Z tool done: render_page (118ms)
2026-03-11T08:14:56.840Z tool call: render_page args={"file":"/home/james/scribe/mcp_test/motion_corrected/704_corrections_highlighted.pdf","page":10,"dpi":300}
2026-03-11T08:14:56.950Z tool done: render_page (110ms)
2026-03-11T08:14:57.131Z tool call: render_page args={"file":"/home/james/scribe/mcp_test/motion_corrected/704_corrections_highlighted.pdf","page":11,"dpi":300}
2026-03-11T08:14:57.250Z tool done: render_page (118ms)
2026-03-11T08:15:41.893Z tool call: render_page args={"file":"/home/james/scribe/mcp_test/motion_corrected/704_corrections_highlighted.pdf","page":37,"dpi":300}
2026-03-11T08:15:42.029Z tool done: render_page (135ms)
2026-03-11T08:15:42.323Z tool call: render_page args={"file":"/home/james/scribe/mcp_test/motion_corrected/704_corrections_highlighted.pdf","page":33,"dpi":300}
2026-03-11T08:15:42.453Z tool done: render_page (130ms)
2026-03-11T08:16:06.069Z tool call: extract_document_text args={"file":"/home/james/scribe/mcp_test/motion_corrected/704_corrections_highlighted.pdf","startPage":0,"maxChars":50000}
2026-03-11T08:16:06.072Z tool done: extract_document_text (3ms)
2026-03-11T08:16:18.524Z tool call: load_document args={"file":"/home/james/scribe/mcp_test/motion_corrected/gov.uscourts.cand.249697.704.1.pdf"}
2026-03-11T08:16:18.789Z tool done: load_document (265ms)
2026-03-11T08:16:30.576Z tool call: extract_document_text args={"file":"/home/james/scribe/mcp_test/motion_corrected/gov.uscourts.cand.249697.704.1.pdf","startPage":0,"maxChars":50000}
2026-03-11T08:16:30.577Z tool done: extract_document_text (1ms)
2026-03-11T08:17:09.647Z tool call: extract_document_text args={"file":"/home/james/scribe/mcp_test/motion_corrected/704_corrections_highlighted.pdf","startPage":18,"maxChars":50000}
2026-03-11T08:17:09.902Z tool done: extract_document_text (254ms)
2026-03-11T08:17:10.174Z tool call: extract_document_text args={"file":"/home/james/scribe/mcp_test/motion_corrected/gov.uscourts.cand.249697.704.1.pdf","startPage":18,"maxChars":50000}
2026-03-11T08:17:10.409Z tool done: extract_document_text (235ms)
2026-03-11T08:17:44.331Z tool call: extract_document_text args={"file":"/home/james/scribe/mcp_test/motion_corrected/704_corrections_highlighted.pdf","startPage":33,"maxChars":50000}
2026-03-11T08:17:44.584Z tool done: extract_document_text (253ms)
2026-03-11T08:17:45.103Z tool call: extract_document_text args={"file":"/home/james/scribe/mcp_test/motion_corrected/gov.uscourts.cand.249697.704.1.pdf","startPage":33,"maxChars":50000}
2026-03-11T08:17:45.328Z tool done: extract_document_text (225ms)
2026-03-11T08:18:20.958Z tool call: load_document args={"file":"/home/james/scribe/mcp_test/motion_corrected/gov.uscourts.cand.249697.701.0.pdf"}
2026-03-11T08:18:21.223Z tool done: load_document (265ms)
2026-03-11T08:18:35.146Z tool call: extract_document_text args={"file":"/home/james/scribe/mcp_test/motion_corrected/gov.uscourts.cand.249697.701.0.pdf","startPage":0,"maxChars":50000}
2026-03-11T08:18:35.147Z tool done: extract_document_text (1ms)
